<?xml version="1.0" encoding="UTF-8"?>
<testsuite xmlns:xsi="http://www.w3.org/2001/XMLSchema-instance" xsi:noNamespaceSchemaLocation="https://maven.apache.org/surefire/maven-surefire-plugin/xsd/surefire-test-report.xsd" name="com.example.BasicApplicationTests" time="27.935" tests="1" errors="0" skipped="0" failures="0">
  <properties>
    <property name="sun.desktop" value="windows"/>
    <property name="awt.toolkit" value="sun.awt.windows.WToolkit"/>
    <property name="java.specification.version" value="11"/>
    <property name="sun.cpu.isalist" value="amd64"/>
    <property name="sun.jnu.encoding" value="Cp1251"/>
    <property name="java.class.path" value="C:\Users\Админ\Documents\NetBeansProjects\WikSim1-server\target\test-classes;C:\Users\Админ\Documents\NetBeansProjects\WikSim1-server\target\classes;C:\Users\Админ\.m2\repository\org\springframework\boot\spring-boot-starter-web\2.3.2.RELEASE\spring-boot-starter-web-2.3.2.RELEASE.jar;C:\Users\Админ\.m2\repository\org\springframework\boot\spring-boot-starter-json\2.3.2.RELEASE\spring-boot-starter-json-2.3.2.RELEASE.jar;C:\Users\Админ\.m2\repository\com\fasterxml\jackson\core\jackson-databind\2.11.1\jackson-databind-2.11.1.jar;C:\Users\Админ\.m2\repository\com\fasterxml\jackson\core\jackson-annotations\2.11.1\jackson-annotations-2.11.1.jar;C:\Users\Админ\.m2\repository\com\fasterxml\jackson\core\jackson-core\2.11.1\jackson-core-2.11.1.jar;C:\Users\Админ\.m2\repository\com\fasterxml\jackson\datatype\jackson-datatype-jdk8\2.11.1\jackson-datatype-jdk8-2.11.1.jar;C:\Users\Админ\.m2\repository\com\fasterxml\jackson\datatype\jackson-datatype-jsr310\2.11.1\jackson-datatype-jsr310-2.11.1.jar;C:\Users\Админ\.m2\repository\com\fasterxml\jackson\module\jackson-module-parameter-names\2.11.1\jackson-module-parameter-names-2.11.1.jar;C:\Users\Админ\.m2\repository\org\springframework\boot\spring-boot-starter-tomcat\2.3.2.RELEASE\spring-boot-starter-tomcat-2.3.2.RELEASE.jar;C:\Users\Админ\.m2\repository\org\apache\tomcat\embed\tomcat-embed-core\9.0.37\tomcat-embed-core-9.0.37.jar;C:\Users\Админ\.m2\repository\org\glassfish\jakarta.el\3.0.3\jakarta.el-3.0.3.jar;C:\Users\Админ\.m2\repository\org\apache\tomcat\embed\tomcat-embed-websocket\9.0.37\tomcat-embed-websocket-9.0.37.jar;C:\Users\Админ\.m2\repository\org\springframework\spring-web\5.2.8.RELEASE\spring-web-5.2.8.RELEASE.jar;C:\Users\Админ\.m2\repository\org\springframework\spring-webmvc\5.2.8.RELEASE\spring-webmvc-5.2.8.RELEASE.jar;C:\Users\Админ\.m2\repository\org\springframework\spring-expression\5.2.8.RELEASE\spring-expression-5.2.8.RELEASE.jar;C:\Users\Админ\.m2\repository\org\springframework\boot\spring-boot-starter-jdbc\2.3.2.RELEASE\spring-boot-starter-jdbc-2.3.2.RELEASE.jar;C:\Users\Админ\.m2\repository\com\zaxxer\HikariCP\3.4.5\HikariCP-3.4.5.jar;C:\Users\Админ\.m2\repository\org\springframework\spring-jdbc\5.2.8.RELEASE\spring-jdbc-5.2.8.RELEASE.jar;C:\Users\Админ\.m2\repository\org\springframework\boot\spring-boot-starter-security\2.3.2.RELEASE\spring-boot-starter-security-2.3.2.RELEASE.jar;C:\Users\Админ\.m2\repository\org\springframework\spring-aop\5.2.8.RELEASE\spring-aop-5.2.8.RELEASE.jar;C:\Users\Админ\.m2\repository\org\springframework\security\spring-security-config\5.3.3.RELEASE\spring-security-config-5.3.3.RELEASE.jar;C:\Users\Админ\.m2\repository\org\springframework\security\spring-security-web\5.3.3.RELEASE\spring-security-web-5.3.3.RELEASE.jar;C:\Users\Админ\.m2\repository\org\springframework\security\oauth\spring-security-oauth2\2.5.0.RELEASE\spring-security-oauth2-2.5.0.RELEASE.jar;C:\Users\Админ\.m2\repository\org\springframework\spring-beans\5.2.8.RELEASE\spring-beans-5.2.8.RELEASE.jar;C:\Users\Админ\.m2\repository\org\springframework\spring-core\5.2.8.RELEASE\spring-core-5.2.8.RELEASE.jar;C:\Users\Админ\.m2\repository\org\springframework\spring-jcl\5.2.8.RELEASE\spring-jcl-5.2.8.RELEASE.jar;C:\Users\Админ\.m2\repository\org\springframework\spring-context\5.2.8.RELEASE\spring-context-5.2.8.RELEASE.jar;C:\Users\Админ\.m2\repository\org\springframework\security\spring-security-core\5.3.3.RELEASE\spring-security-core-5.3.3.RELEASE.jar;C:\Users\Админ\.m2\repository\commons-codec\commons-codec\1.14\commons-codec-1.14.jar;C:\Users\Админ\.m2\repository\org\springframework\security\spring-security-jwt\1.1.1.RELEASE\spring-security-jwt-1.1.1.RELEASE.jar;C:\Users\Админ\.m2\repository\org\bouncycastle\bcpkix-jdk15on\1.64\bcpkix-jdk15on-1.64.jar;C:\Users\Админ\.m2\repository\org\bouncycastle\bcprov-jdk15on\1.64\bcprov-jdk15on-1.64.jar;C:\Users\Админ\.m2\repository\org\springframework\boot\spring-boot-starter-thymeleaf\2.3.2.RELEASE\spring-boot-starter-thymeleaf-2.3.2.RELEASE.jar;C:\Users\Админ\.m2\repository\org\thymeleaf\thymeleaf-spring5\3.0.11.RELEASE\thymeleaf-spring5-3.0.11.RELEASE.jar;C:\Users\Админ\.m2\repository\org\thymeleaf\thymeleaf\3.0.11.RELEASE\thymeleaf-3.0.11.RELEASE.jar;C:\Users\Админ\.m2\repository\org\attoparser\attoparser\2.0.5.RELEASE\attoparser-2.0.5.RELEASE.jar;C:\Users\Админ\.m2\repository\org\unbescape\unbescape\1.1.6.RELEASE\unbescape-1.1.6.RELEASE.jar;C:\Users\Админ\.m2\repository\org\thymeleaf\extras\thymeleaf-extras-java8time\3.0.4.RELEASE\thymeleaf-extras-java8time-3.0.4.RELEASE.jar;C:\Users\Админ\.m2\repository\org\postgresql\postgresql\42.2.14\postgresql-42.2.14.jar;C:\Users\Админ\.m2\repository\org\springframework\boot\spring-boot-starter-test\2.3.2.RELEASE\spring-boot-starter-test-2.3.2.RELEASE.jar;C:\Users\Админ\.m2\repository\org\springframework\boot\spring-boot-test\2.3.2.RELEASE\spring-boot-test-2.3.2.RELEASE.jar;C:\Users\Админ\.m2\repository\org\springframework\boot\spring-boot-test-autoconfigure\2.3.2.RELEASE\spring-boot-test-autoconfigure-2.3.2.RELEASE.jar;C:\Users\Админ\.m2\repository\com\jayway\jsonpath\json-path\2.4.0\json-path-2.4.0.jar;C:\Users\Админ\.m2\repository\net\minidev\json-smart\2.3\json-smart-2.3.jar;C:\Users\Админ\.m2\repository\net\minidev\accessors-smart\1.2\accessors-smart-1.2.jar;C:\Users\Админ\.m2\repository\org\ow2\asm\asm\5.0.4\asm-5.0.4.jar;C:\Users\Админ\.m2\repository\jakarta\xml\bind\jakarta.xml.bind-api\2.3.3\jakarta.xml.bind-api-2.3.3.jar;C:\Users\Админ\.m2\repository\jakarta\activation\jakarta.activation-api\1.2.2\jakarta.activation-api-1.2.2.jar;C:\Users\Админ\.m2\repository\org\assertj\assertj-core\3.16.1\assertj-core-3.16.1.jar;C:\Users\Админ\.m2\repository\org\hamcrest\hamcrest\2.2\hamcrest-2.2.jar;C:\Users\Админ\.m2\repository\org\junit\jupiter\junit-jupiter\5.6.2\junit-jupiter-5.6.2.jar;C:\Users\Админ\.m2\repository\org\junit\jupiter\junit-jupiter-api\5.6.2\junit-jupiter-api-5.6.2.jar;C:\Users\Админ\.m2\repository\org\opentest4j\opentest4j\1.2.0\opentest4j-1.2.0.jar;C:\Users\Админ\.m2\repository\org\junit\platform\junit-platform-commons\1.6.2\junit-platform-commons-1.6.2.jar;C:\Users\Админ\.m2\repository\org\junit\jupiter\junit-jupiter-params\5.6.2\junit-jupiter-params-5.6.2.jar;C:\Users\Админ\.m2\repository\org\junit\jupiter\junit-jupiter-engine\5.6.2\junit-jupiter-engine-5.6.2.jar;C:\Users\Админ\.m2\repository\org\junit\vintage\junit-vintage-engine\5.6.2\junit-vintage-engine-5.6.2.jar;C:\Users\Админ\.m2\repository\org\apiguardian\apiguardian-api\1.1.0\apiguardian-api-1.1.0.jar;C:\Users\Админ\.m2\repository\org\junit\platform\junit-platform-engine\1.6.2\junit-platform-engine-1.6.2.jar;C:\Users\Админ\.m2\repository\org\mockito\mockito-core\3.3.3\mockito-core-3.3.3.jar;C:\Users\Админ\.m2\repository\net\bytebuddy\byte-buddy\1.10.13\byte-buddy-1.10.13.jar;C:\Users\Админ\.m2\repository\net\bytebuddy\byte-buddy-agent\1.10.13\byte-buddy-agent-1.10.13.jar;C:\Users\Админ\.m2\repository\org\objenesis\objenesis\2.6\objenesis-2.6.jar;C:\Users\Админ\.m2\repository\org\mockito\mockito-junit-jupiter\3.3.3\mockito-junit-jupiter-3.3.3.jar;C:\Users\Админ\.m2\repository\org\skyscreamer\jsonassert\1.5.0\jsonassert-1.5.0.jar;C:\Users\Админ\.m2\repository\com\vaadin\external\google\android-json\0.0.20131108.vaadin1\android-json-0.0.20131108.vaadin1.jar;C:\Users\Админ\.m2\repository\org\springframework\spring-test\5.2.8.RELEASE\spring-test-5.2.8.RELEASE.jar;C:\Users\Админ\.m2\repository\org\xmlunit\xmlunit-core\2.7.0\xmlunit-core-2.7.0.jar;C:\Users\Админ\.m2\repository\org\springframework\security\spring-security-test\5.3.3.RELEASE\spring-security-test-5.3.3.RELEASE.jar;C:\Users\Админ\.m2\repository\org\springframework\boot\spring-boot-starter\2.3.2.RELEASE\spring-boot-starter-2.3.2.RELEASE.jar;C:\Users\Админ\.m2\repository\org\springframework\boot\spring-boot\2.3.2.RELEASE\spring-boot-2.3.2.RELEASE.jar;C:\Users\Админ\.m2\repository\org\springframework\boot\spring-boot-autoconfigure\2.3.2.RELEASE\spring-boot-autoconfigure-2.3.2.RELEASE.jar;C:\Users\Админ\.m2\repository\org\springframework\boot\spring-boot-starter-logging\2.3.2.RELEASE\spring-boot-starter-logging-2.3.2.RELEASE.jar;C:\Users\Админ\.m2\repository\ch\qos\logback\logback-classic\1.2.3\logback-classic-1.2.3.jar;C:\Users\Админ\.m2\repository\ch\qos\logback\logback-core\1.2.3\logback-core-1.2.3.jar;C:\Users\Админ\.m2\repository\org\apache\logging\log4j\log4j-to-slf4j\2.13.3\log4j-to-slf4j-2.13.3.jar;C:\Users\Админ\.m2\repository\org\apache\logging\log4j\log4j-api\2.13.3\log4j-api-2.13.3.jar;C:\Users\Админ\.m2\repository\org\slf4j\jul-to-slf4j\1.7.30\jul-to-slf4j-1.7.30.jar;C:\Users\Админ\.m2\repository\jakarta\annotation\jakarta.annotation-api\1.3.5\jakarta.annotation-api-1.3.5.jar;C:\Users\Админ\.m2\repository\org\yaml\snakeyaml\1.26\snakeyaml-1.26.jar;C:\Users\Админ\.m2\repository\org\springframework\boot\spring-boot-configuration-processor\2.3.2.RELEASE\spring-boot-configuration-processor-2.3.2.RELEASE.jar;C:\Users\Админ\.m2\repository\javax\persistence\javax.persistence-api\2.2\javax.persistence-api-2.2.jar;C:\Users\Админ\.m2\repository\org\eclipse\persistence\org.eclipse.persistence.core\2.5.2\org.eclipse.persistence.core-2.5.2.jar;C:\Users\Админ\.m2\repository\org\eclipse\persistence\org.eclipse.persistence.asm\2.5.2\org.eclipse.persistence.asm-2.5.2.jar;C:\Users\Админ\.m2\repository\org\eclipse\persistence\org.eclipse.persistence.antlr\2.5.2\org.eclipse.persistence.antlr-2.5.2.jar;C:\Users\Админ\.m2\repository\org\eclipse\persistence\org.eclipse.persistence.jpa\2.5.2\org.eclipse.persistence.jpa-2.5.2.jar;C:\Users\Админ\.m2\repository\org\eclipse\persistence\org.eclipse.persistence.jpa.jpql\2.5.2\org.eclipse.persistence.jpa.jpql-2.5.2.jar;C:\Users\Админ\.m2\repository\org\eclipse\persistence\javax.persistence\2.1.0\javax.persistence-2.1.0.jar;C:\Users\Админ\.m2\repository\org\springframework\data\spring-data-jpa\2.3.0.RELEASE\spring-data-jpa-2.3.0.RELEASE.jar;C:\Users\Админ\.m2\repository\org\springframework\data\spring-data-commons\2.3.2.RELEASE\spring-data-commons-2.3.2.RELEASE.jar;C:\Users\Админ\.m2\repository\org\springframework\spring-orm\5.2.8.RELEASE\spring-orm-5.2.8.RELEASE.jar;C:\Users\Админ\.m2\repository\org\springframework\spring-tx\5.2.8.RELEASE\spring-tx-5.2.8.RELEASE.jar;C:\Users\Админ\.m2\repository\org\aspectj\aspectjrt\1.9.6\aspectjrt-1.9.6.jar;C:\Users\Админ\.m2\repository\org\slf4j\slf4j-api\1.7.30\slf4j-api-1.7.30.jar;C:\Users\Админ\.m2\repository\org\springframework\boot\spring-boot-starter-data-jpa\2.3.2.RELEASE\spring-boot-starter-data-jpa-2.3.2.RELEASE.jar;C:\Users\Админ\.m2\repository\org\springframework\boot\spring-boot-starter-aop\2.3.2.RELEASE\spring-boot-starter-aop-2.3.2.RELEASE.jar;C:\Users\Админ\.m2\repository\org\aspectj\aspectjweaver\1.9.6\aspectjweaver-1.9.6.jar;C:\Users\Админ\.m2\repository\jakarta\transaction\jakarta.transaction-api\1.3.3\jakarta.transaction-api-1.3.3.jar;C:\Users\Админ\.m2\repository\jakarta\persistence\jakarta.persistence-api\2.2.3\jakarta.persistence-api-2.2.3.jar;C:\Users\Админ\.m2\repository\org\hibernate\hibernate-core\5.4.18.Final\hibernate-core-5.4.18.Final.jar;C:\Users\Админ\.m2\repository\org\jboss\logging\jboss-logging\3.4.1.Final\jboss-logging-3.4.1.Final.jar;C:\Users\Админ\.m2\repository\org\javassist\javassist\3.24.0-GA\javassist-3.24.0-GA.jar;C:\Users\Админ\.m2\repository\antlr\antlr\2.7.7\antlr-2.7.7.jar;C:\Users\Админ\.m2\repository\org\jboss\jandex\2.1.3.Final\jandex-2.1.3.Final.jar;C:\Users\Админ\.m2\repository\com\fasterxml\classmate\1.5.1\classmate-1.5.1.jar;C:\Users\Админ\.m2\repository\org\dom4j\dom4j\2.1.3\dom4j-2.1.3.jar;C:\Users\Админ\.m2\repository\org\hibernate\common\hibernate-commons-annotations\5.1.0.Final\hibernate-commons-annotations-5.1.0.Final.jar;C:\Users\Админ\.m2\repository\org\glassfish\jaxb\jaxb-runtime\2.3.3\jaxb-runtime-2.3.3.jar;C:\Users\Админ\.m2\repository\org\glassfish\jaxb\txw2\2.3.3\txw2-2.3.3.jar;C:\Users\Админ\.m2\repository\com\sun\istack\istack-commons-runtime\3.0.11\istack-commons-runtime-3.0.11.jar;C:\Users\Админ\.m2\repository\com\sun\activation\jakarta.activation\1.2.2\jakarta.activation-1.2.2.jar;C:\Users\Админ\.m2\repository\org\springframework\spring-aspects\5.2.8.RELEASE\spring-aspects-5.2.8.RELEASE.jar;C:\Users\Админ\.m2\repository\org\seleniumhq\selenium\selenium-java\2.44.0\selenium-java-2.44.0.jar;C:\Users\Админ\.m2\repository\org\seleniumhq\selenium\selenium-chrome-driver\3.141.59\selenium-chrome-driver-3.141.59.jar;C:\Users\Админ\.m2\repository\org\seleniumhq\selenium\selenium-api\3.141.59\selenium-api-3.141.59.jar;C:\Users\Админ\.m2\repository\org\seleniumhq\selenium\selenium-remote-driver\3.141.59\selenium-remote-driver-3.141.59.jar;C:\Users\Админ\.m2\repository\com\squareup\okhttp3\okhttp\3.14.9\okhttp-3.14.9.jar;C:\Users\Админ\.m2\repository\com\squareup\okio\okio\1.14.0\okio-1.14.0.jar;C:\Users\Админ\.m2\repository\org\seleniumhq\selenium\selenium-htmlunit-driver\2.44.0\selenium-htmlunit-driver-2.44.0.jar;C:\Users\Админ\.m2\repository\net\sourceforge\htmlunit\htmlunit\2.40.0\htmlunit-2.40.0.jar;C:\Users\Админ\.m2\repository\xalan\xalan\2.7.2\xalan-2.7.2.jar;C:\Users\Админ\.m2\repository\xalan\serializer\2.7.2\serializer-2.7.2.jar;C:\Users\Админ\.m2\repository\org\apache\commons\commons-lang3\3.10\commons-lang3-3.10.jar;C:\Users\Админ\.m2\repository\org\apache\commons\commons-text\1.8\commons-text-1.8.jar;C:\Users\Админ\.m2\repository\org\apache\httpcomponents\httpmime\4.5.12\httpmime-4.5.12.jar;C:\Users\Админ\.m2\repository\net\sourceforge\htmlunit\htmlunit-core-js\2.40.0\htmlunit-core-js-2.40.0.jar;C:\Users\Админ\.m2\repository\net\sourceforge\htmlunit\neko-htmlunit\2.40.0\neko-htmlunit-2.40.0.jar;C:\Users\Админ\.m2\repository\xerces\xercesImpl\2.12.0\xercesImpl-2.12.0.jar;C:\Users\Админ\.m2\repository\xml-apis\xml-apis\1.4.01\xml-apis-1.4.01.jar;C:\Users\Админ\.m2\repository\net\sourceforge\htmlunit\htmlunit-cssparser\1.5.0\htmlunit-cssparser-1.5.0.jar;C:\Users\Админ\.m2\repository\commons-io\commons-io\2.6\commons-io-2.6.jar;C:\Users\Админ\.m2\repository\commons-net\commons-net\3.6\commons-net-3.6.jar;C:\Users\Админ\.m2\repository\org\brotli\dec\0.1.2\dec-0.1.2.jar;C:\Users\Админ\.m2\repository\com\shapesecurity\salvation\2.7.1\salvation-2.7.1.jar;C:\Users\Админ\.m2\repository\org\eclipse\jetty\websocket\websocket-client\9.4.30.v20200611\websocket-client-9.4.30.v20200611.jar;C:\Users\Админ\.m2\repository\org\eclipse\jetty\jetty-client\9.4.30.v20200611\jetty-client-9.4.30.v20200611.jar;C:\Users\Админ\.m2\repository\org\eclipse\jetty\jetty-http\9.4.30.v20200611\jetty-http-9.4.30.v20200611.jar;C:\Users\Админ\.m2\repository\org\eclipse\jetty\jetty-xml\9.4.30.v20200611\jetty-xml-9.4.30.v20200611.jar;C:\Users\Админ\.m2\repository\org\eclipse\jetty\jetty-util\9.4.30.v20200611\jetty-util-9.4.30.v20200611.jar;C:\Users\Админ\.m2\repository\org\eclipse\jetty\jetty-io\9.4.30.v20200611\jetty-io-9.4.30.v20200611.jar;C:\Users\Админ\.m2\repository\org\eclipse\jetty\websocket\websocket-common\9.4.30.v20200611\websocket-common-9.4.30.v20200611.jar;C:\Users\Админ\.m2\repository\org\eclipse\jetty\websocket\websocket-api\9.4.30.v20200611\websocket-api-9.4.30.v20200611.jar;C:\Users\Админ\.m2\repository\org\apache\httpcomponents\httpclient\4.5.12\httpclient-4.5.12.jar;C:\Users\Админ\.m2\repository\org\apache\httpcomponents\httpcore\4.4.13\httpcore-4.4.13.jar;C:\Users\Админ\.m2\repository\org\seleniumhq\selenium\selenium-firefox-driver\3.141.59\selenium-firefox-driver-3.141.59.jar;C:\Users\Админ\.m2\repository\org\seleniumhq\selenium\selenium-ie-driver\3.141.59\selenium-ie-driver-3.141.59.jar;C:\Users\Админ\.m2\repository\org\seleniumhq\selenium\selenium-safari-driver\3.141.59\selenium-safari-driver-3.141.59.jar;C:\Users\Админ\.m2\repository\org\seleniumhq\selenium\selenium-support\3.141.59\selenium-support-3.141.59.jar;C:\Users\Админ\.m2\repository\org\webbitserver\webbit\0.4.14\webbit-0.4.14.jar;C:\Users\Админ\.m2\repository\io\netty\netty\3.5.2.Final\netty-3.5.2.Final.jar;C:\Users\Админ\.m2\repository\com\opera\operadriver\1.5\operadriver-1.5.jar;C:\Users\Админ\.m2\repository\com\opera\operalaunchers\1.1\operalaunchers-1.1.jar;C:\Users\Админ\.m2\repository\com\google\protobuf\protobuf-java\2.4.1\protobuf-java-2.4.1.jar;C:\Users\Админ\.m2\repository\com\google\guava\guava\14.0\guava-14.0.jar;C:\Users\Админ\.m2\repository\commons-jxpath\commons-jxpath\1.3\commons-jxpath-1.3.jar;C:\Users\Админ\.m2\repository\org\apache\commons\commons-exec\1.1\commons-exec-1.1.jar;C:\Users\Админ\.m2\repository\org\ini4j\ini4j\0.5.2\ini4j-0.5.2.jar;C:\Users\Админ\.m2\repository\junit\junit\4.12\junit-4.12.jar;C:\Users\Админ\.m2\repository\org\hamcrest\hamcrest-core\1.3\hamcrest-core-1.3.jar;"/>
    <property name="java.vm.vendor" value="Oracle Corporation"/>
    <property name="sun.arch.data.model" value="64"/>
    <property name="user.variant" value=""/>
    <property name="java.vendor.url" value="http://java.oracle.com/"/>
    <property name="user.timezone" value="Europe/Moscow"/>
    <property name="java.vm.specification.version" value="11"/>
    <property name="os.name" value="Windows 7"/>
    <property name="user.country" value="RU"/>
    <property name="sun.java.launcher" value="SUN_STANDARD"/>
    <property name="sun.boot.library.path" value="C:\Program Files\jdk-11\bin"/>
    <property name="sun.java.command" value="C:\Users\7272~1\AppData\Local\Temp\surefire8557304725429281134\surefirebooter5562726870487469965.jar C:\Users\Админ\AppData\Local\Temp\surefire8557304725429281134 2022-03-18T21-25-38_479-jvmRun1 surefire10422038441528578921tmp surefire_012849555338192198248tmp"/>
    <property name="jdk.debug" value="release"/>
    <property name="surefire.test.class.path" value="C:\Users\Админ\Documents\NetBeansProjects\WikSim1-server\target\test-classes;C:\Users\Админ\Documents\NetBeansProjects\WikSim1-server\target\classes;C:\Users\Админ\.m2\repository\org\springframework\boot\spring-boot-starter-web\2.3.2.RELEASE\spring-boot-starter-web-2.3.2.RELEASE.jar;C:\Users\Админ\.m2\repository\org\springframework\boot\spring-boot-starter-json\2.3.2.RELEASE\spring-boot-starter-json-2.3.2.RELEASE.jar;C:\Users\Админ\.m2\repository\com\fasterxml\jackson\core\jackson-databind\2.11.1\jackson-databind-2.11.1.jar;C:\Users\Админ\.m2\repository\com\fasterxml\jackson\core\jackson-annotations\2.11.1\jackson-annotations-2.11.1.jar;C:\Users\Админ\.m2\repository\com\fasterxml\jackson\core\jackson-core\2.11.1\jackson-core-2.11.1.jar;C:\Users\Админ\.m2\repository\com\fasterxml\jackson\datatype\jackson-datatype-jdk8\2.11.1\jackson-datatype-jdk8-2.11.1.jar;C:\Users\Админ\.m2\repository\com\fasterxml\jackson\datatype\jackson-datatype-jsr310\2.11.1\jackson-datatype-jsr310-2.11.1.jar;C:\Users\Админ\.m2\repository\com\fasterxml\jackson\module\jackson-module-parameter-names\2.11.1\jackson-module-parameter-names-2.11.1.jar;C:\Users\Админ\.m2\repository\org\springframework\boot\spring-boot-starter-tomcat\2.3.2.RELEASE\spring-boot-starter-tomcat-2.3.2.RELEASE.jar;C:\Users\Админ\.m2\repository\org\apache\tomcat\embed\tomcat-embed-core\9.0.37\tomcat-embed-core-9.0.37.jar;C:\Users\Админ\.m2\repository\org\glassfish\jakarta.el\3.0.3\jakarta.el-3.0.3.jar;C:\Users\Админ\.m2\repository\org\apache\tomcat\embed\tomcat-embed-websocket\9.0.37\tomcat-embed-websocket-9.0.37.jar;C:\Users\Админ\.m2\repository\org\springframework\spring-web\5.2.8.RELEASE\spring-web-5.2.8.RELEASE.jar;C:\Users\Админ\.m2\repository\org\springframework\spring-webmvc\5.2.8.RELEASE\spring-webmvc-5.2.8.RELEASE.jar;C:\Users\Админ\.m2\repository\org\springframework\spring-expression\5.2.8.RELEASE\spring-expression-5.2.8.RELEASE.jar;C:\Users\Админ\.m2\repository\org\springframework\boot\spring-boot-starter-jdbc\2.3.2.RELEASE\spring-boot-starter-jdbc-2.3.2.RELEASE.jar;C:\Users\Админ\.m2\repository\com\zaxxer\HikariCP\3.4.5\HikariCP-3.4.5.jar;C:\Users\Админ\.m2\repository\org\springframework\spring-jdbc\5.2.8.RELEASE\spring-jdbc-5.2.8.RELEASE.jar;C:\Users\Админ\.m2\repository\org\springframework\boot\spring-boot-starter-security\2.3.2.RELEASE\spring-boot-starter-security-2.3.2.RELEASE.jar;C:\Users\Админ\.m2\repository\org\springframework\spring-aop\5.2.8.RELEASE\spring-aop-5.2.8.RELEASE.jar;C:\Users\Админ\.m2\repository\org\springframework\security\spring-security-config\5.3.3.RELEASE\spring-security-config-5.3.3.RELEASE.jar;C:\Users\Админ\.m2\repository\org\springframework\security\spring-security-web\5.3.3.RELEASE\spring-security-web-5.3.3.RELEASE.jar;C:\Users\Админ\.m2\repository\org\springframework\security\oauth\spring-security-oauth2\2.5.0.RELEASE\spring-security-oauth2-2.5.0.RELEASE.jar;C:\Users\Админ\.m2\repository\org\springframework\spring-beans\5.2.8.RELEASE\spring-beans-5.2.8.RELEASE.jar;C:\Users\Админ\.m2\repository\org\springframework\spring-core\5.2.8.RELEASE\spring-core-5.2.8.RELEASE.jar;C:\Users\Админ\.m2\repository\org\springframework\spring-jcl\5.2.8.RELEASE\spring-jcl-5.2.8.RELEASE.jar;C:\Users\Админ\.m2\repository\org\springframework\spring-context\5.2.8.RELEASE\spring-context-5.2.8.RELEASE.jar;C:\Users\Админ\.m2\repository\org\springframework\security\spring-security-core\5.3.3.RELEASE\spring-security-core-5.3.3.RELEASE.jar;C:\Users\Админ\.m2\repository\commons-codec\commons-codec\1.14\commons-codec-1.14.jar;C:\Users\Админ\.m2\repository\org\springframework\security\spring-security-jwt\1.1.1.RELEASE\spring-security-jwt-1.1.1.RELEASE.jar;C:\Users\Админ\.m2\repository\org\bouncycastle\bcpkix-jdk15on\1.64\bcpkix-jdk15on-1.64.jar;C:\Users\Админ\.m2\repository\org\bouncycastle\bcprov-jdk15on\1.64\bcprov-jdk15on-1.64.jar;C:\Users\Админ\.m2\repository\org\springframework\boot\spring-boot-starter-thymeleaf\2.3.2.RELEASE\spring-boot-starter-thymeleaf-2.3.2.RELEASE.jar;C:\Users\Админ\.m2\repository\org\thymeleaf\thymeleaf-spring5\3.0.11.RELEASE\thymeleaf-spring5-3.0.11.RELEASE.jar;C:\Users\Админ\.m2\repository\org\thymeleaf\thymeleaf\3.0.11.RELEASE\thymeleaf-3.0.11.RELEASE.jar;C:\Users\Админ\.m2\repository\org\attoparser\attoparser\2.0.5.RELEASE\attoparser-2.0.5.RELEASE.jar;C:\Users\Админ\.m2\repository\org\unbescape\unbescape\1.1.6.RELEASE\unbescape-1.1.6.RELEASE.jar;C:\Users\Админ\.m2\repository\org\thymeleaf\extras\thymeleaf-extras-java8time\3.0.4.RELEASE\thymeleaf-extras-java8time-3.0.4.RELEASE.jar;C:\Users\Админ\.m2\repository\org\postgresql\postgresql\42.2.14\postgresql-42.2.14.jar;C:\Users\Админ\.m2\repository\org\springframework\boot\spring-boot-starter-test\2.3.2.RELEASE\spring-boot-starter-test-2.3.2.RELEASE.jar;C:\Users\Админ\.m2\repository\org\springframework\boot\spring-boot-test\2.3.2.RELEASE\spring-boot-test-2.3.2.RELEASE.jar;C:\Users\Админ\.m2\repository\org\springframework\boot\spring-boot-test-autoconfigure\2.3.2.RELEASE\spring-boot-test-autoconfigure-2.3.2.RELEASE.jar;C:\Users\Админ\.m2\repository\com\jayway\jsonpath\json-path\2.4.0\json-path-2.4.0.jar;C:\Users\Админ\.m2\repository\net\minidev\json-smart\2.3\json-smart-2.3.jar;C:\Users\Админ\.m2\repository\net\minidev\accessors-smart\1.2\accessors-smart-1.2.jar;C:\Users\Админ\.m2\repository\org\ow2\asm\asm\5.0.4\asm-5.0.4.jar;C:\Users\Админ\.m2\repository\jakarta\xml\bind\jakarta.xml.bind-api\2.3.3\jakarta.xml.bind-api-2.3.3.jar;C:\Users\Админ\.m2\repository\jakarta\activation\jakarta.activation-api\1.2.2\jakarta.activation-api-1.2.2.jar;C:\Users\Админ\.m2\repository\org\assertj\assertj-core\3.16.1\assertj-core-3.16.1.jar;C:\Users\Админ\.m2\repository\org\hamcrest\hamcrest\2.2\hamcrest-2.2.jar;C:\Users\Админ\.m2\repository\org\junit\jupiter\junit-jupiter\5.6.2\junit-jupiter-5.6.2.jar;C:\Users\Админ\.m2\repository\org\junit\jupiter\junit-jupiter-api\5.6.2\junit-jupiter-api-5.6.2.jar;C:\Users\Админ\.m2\repository\org\opentest4j\opentest4j\1.2.0\opentest4j-1.2.0.jar;C:\Users\Админ\.m2\repository\org\junit\platform\junit-platform-commons\1.6.2\junit-platform-commons-1.6.2.jar;C:\Users\Админ\.m2\repository\org\junit\jupiter\junit-jupiter-params\5.6.2\junit-jupiter-params-5.6.2.jar;C:\Users\Админ\.m2\repository\org\junit\jupiter\junit-jupiter-engine\5.6.2\junit-jupiter-engine-5.6.2.jar;C:\Users\Админ\.m2\repository\org\junit\vintage\junit-vintage-engine\5.6.2\junit-vintage-engine-5.6.2.jar;C:\Users\Админ\.m2\repository\org\apiguardian\apiguardian-api\1.1.0\apiguardian-api-1.1.0.jar;C:\Users\Админ\.m2\repository\org\junit\platform\junit-platform-engine\1.6.2\junit-platform-engine-1.6.2.jar;C:\Users\Админ\.m2\repository\org\mockito\mockito-core\3.3.3\mockito-core-3.3.3.jar;C:\Users\Админ\.m2\repository\net\bytebuddy\byte-buddy\1.10.13\byte-buddy-1.10.13.jar;C:\Users\Админ\.m2\repository\net\bytebuddy\byte-buddy-agent\1.10.13\byte-buddy-agent-1.10.13.jar;C:\Users\Админ\.m2\repository\org\objenesis\objenesis\2.6\objenesis-2.6.jar;C:\Users\Админ\.m2\repository\org\mockito\mockito-junit-jupiter\3.3.3\mockito-junit-jupiter-3.3.3.jar;C:\Users\Админ\.m2\repository\org\skyscreamer\jsonassert\1.5.0\jsonassert-1.5.0.jar;C:\Users\Админ\.m2\repository\com\vaadin\external\google\android-json\0.0.20131108.vaadin1\android-json-0.0.20131108.vaadin1.jar;C:\Users\Админ\.m2\repository\org\springframework\spring-test\5.2.8.RELEASE\spring-test-5.2.8.RELEASE.jar;C:\Users\Админ\.m2\repository\org\xmlunit\xmlunit-core\2.7.0\xmlunit-core-2.7.0.jar;C:\Users\Админ\.m2\repository\org\springframework\security\spring-security-test\5.3.3.RELEASE\spring-security-test-5.3.3.RELEASE.jar;C:\Users\Админ\.m2\repository\org\springframework\boot\spring-boot-starter\2.3.2.RELEASE\spring-boot-starter-2.3.2.RELEASE.jar;C:\Users\Админ\.m2\repository\org\springframework\boot\spring-boot\2.3.2.RELEASE\spring-boot-2.3.2.RELEASE.jar;C:\Users\Админ\.m2\repository\org\springframework\boot\spring-boot-autoconfigure\2.3.2.RELEASE\spring-boot-autoconfigure-2.3.2.RELEASE.jar;C:\Users\Админ\.m2\repository\org\springframework\boot\spring-boot-starter-logging\2.3.2.RELEASE\spring-boot-starter-logging-2.3.2.RELEASE.jar;C:\Users\Админ\.m2\repository\ch\qos\logback\logback-classic\1.2.3\logback-classic-1.2.3.jar;C:\Users\Админ\.m2\repository\ch\qos\logback\logback-core\1.2.3\logback-core-1.2.3.jar;C:\Users\Админ\.m2\repository\org\apache\logging\log4j\log4j-to-slf4j\2.13.3\log4j-to-slf4j-2.13.3.jar;C:\Users\Админ\.m2\repository\org\apache\logging\log4j\log4j-api\2.13.3\log4j-api-2.13.3.jar;C:\Users\Админ\.m2\repository\org\slf4j\jul-to-slf4j\1.7.30\jul-to-slf4j-1.7.30.jar;C:\Users\Админ\.m2\repository\jakarta\annotation\jakarta.annotation-api\1.3.5\jakarta.annotation-api-1.3.5.jar;C:\Users\Админ\.m2\repository\org\yaml\snakeyaml\1.26\snakeyaml-1.26.jar;C:\Users\Админ\.m2\repository\org\springframework\boot\spring-boot-configuration-processor\2.3.2.RELEASE\spring-boot-configuration-processor-2.3.2.RELEASE.jar;C:\Users\Админ\.m2\repository\javax\persistence\javax.persistence-api\2.2\javax.persistence-api-2.2.jar;C:\Users\Админ\.m2\repository\org\eclipse\persistence\org.eclipse.persistence.core\2.5.2\org.eclipse.persistence.core-2.5.2.jar;C:\Users\Админ\.m2\repository\org\eclipse\persistence\org.eclipse.persistence.asm\2.5.2\org.eclipse.persistence.asm-2.5.2.jar;C:\Users\Админ\.m2\repository\org\eclipse\persistence\org.eclipse.persistence.antlr\2.5.2\org.eclipse.persistence.antlr-2.5.2.jar;C:\Users\Админ\.m2\repository\org\eclipse\persistence\org.eclipse.persistence.jpa\2.5.2\org.eclipse.persistence.jpa-2.5.2.jar;C:\Users\Админ\.m2\repository\org\eclipse\persistence\org.eclipse.persistence.jpa.jpql\2.5.2\org.eclipse.persistence.jpa.jpql-2.5.2.jar;C:\Users\Админ\.m2\repository\org\eclipse\persistence\javax.persistence\2.1.0\javax.persistence-2.1.0.jar;C:\Users\Админ\.m2\repository\org\springframework\data\spring-data-jpa\2.3.0.RELEASE\spring-data-jpa-2.3.0.RELEASE.jar;C:\Users\Админ\.m2\repository\org\springframework\data\spring-data-commons\2.3.2.RELEASE\spring-data-commons-2.3.2.RELEASE.jar;C:\Users\Админ\.m2\repository\org\springframework\spring-orm\5.2.8.RELEASE\spring-orm-5.2.8.RELEASE.jar;C:\Users\Админ\.m2\repository\org\springframework\spring-tx\5.2.8.RELEASE\spring-tx-5.2.8.RELEASE.jar;C:\Users\Админ\.m2\repository\org\aspectj\aspectjrt\1.9.6\aspectjrt-1.9.6.jar;C:\Users\Админ\.m2\repository\org\slf4j\slf4j-api\1.7.30\slf4j-api-1.7.30.jar;C:\Users\Админ\.m2\repository\org\springframework\boot\spring-boot-starter-data-jpa\2.3.2.RELEASE\spring-boot-starter-data-jpa-2.3.2.RELEASE.jar;C:\Users\Админ\.m2\repository\org\springframework\boot\spring-boot-starter-aop\2.3.2.RELEASE\spring-boot-starter-aop-2.3.2.RELEASE.jar;C:\Users\Админ\.m2\repository\org\aspectj\aspectjweaver\1.9.6\aspectjweaver-1.9.6.jar;C:\Users\Админ\.m2\repository\jakarta\transaction\jakarta.transaction-api\1.3.3\jakarta.transaction-api-1.3.3.jar;C:\Users\Админ\.m2\repository\jakarta\persistence\jakarta.persistence-api\2.2.3\jakarta.persistence-api-2.2.3.jar;C:\Users\Админ\.m2\repository\org\hibernate\hibernate-core\5.4.18.Final\hibernate-core-5.4.18.Final.jar;C:\Users\Админ\.m2\repository\org\jboss\logging\jboss-logging\3.4.1.Final\jboss-logging-3.4.1.Final.jar;C:\Users\Админ\.m2\repository\org\javassist\javassist\3.24.0-GA\javassist-3.24.0-GA.jar;C:\Users\Админ\.m2\repository\antlr\antlr\2.7.7\antlr-2.7.7.jar;C:\Users\Админ\.m2\repository\org\jboss\jandex\2.1.3.Final\jandex-2.1.3.Final.jar;C:\Users\Админ\.m2\repository\com\fasterxml\classmate\1.5.1\classmate-1.5.1.jar;C:\Users\Админ\.m2\repository\org\dom4j\dom4j\2.1.3\dom4j-2.1.3.jar;C:\Users\Админ\.m2\repository\org\hibernate\common\hibernate-commons-annotations\5.1.0.Final\hibernate-commons-annotations-5.1.0.Final.jar;C:\Users\Админ\.m2\repository\org\glassfish\jaxb\jaxb-runtime\2.3.3\jaxb-runtime-2.3.3.jar;C:\Users\Админ\.m2\repository\org\glassfish\jaxb\txw2\2.3.3\txw2-2.3.3.jar;C:\Users\Админ\.m2\repository\com\sun\istack\istack-commons-runtime\3.0.11\istack-commons-runtime-3.0.11.jar;C:\Users\Админ\.m2\repository\com\sun\activation\jakarta.activation\1.2.2\jakarta.activation-1.2.2.jar;C:\Users\Админ\.m2\repository\org\springframework\spring-aspects\5.2.8.RELEASE\spring-aspects-5.2.8.RELEASE.jar;C:\Users\Админ\.m2\repository\org\seleniumhq\selenium\selenium-java\2.44.0\selenium-java-2.44.0.jar;C:\Users\Админ\.m2\repository\org\seleniumhq\selenium\selenium-chrome-driver\3.141.59\selenium-chrome-driver-3.141.59.jar;C:\Users\Админ\.m2\repository\org\seleniumhq\selenium\selenium-api\3.141.59\selenium-api-3.141.59.jar;C:\Users\Админ\.m2\repository\org\seleniumhq\selenium\selenium-remote-driver\3.141.59\selenium-remote-driver-3.141.59.jar;C:\Users\Админ\.m2\repository\com\squareup\okhttp3\okhttp\3.14.9\okhttp-3.14.9.jar;C:\Users\Админ\.m2\repository\com\squareup\okio\okio\1.14.0\okio-1.14.0.jar;C:\Users\Админ\.m2\repository\org\seleniumhq\selenium\selenium-htmlunit-driver\2.44.0\selenium-htmlunit-driver-2.44.0.jar;C:\Users\Админ\.m2\repository\net\sourceforge\htmlunit\htmlunit\2.40.0\htmlunit-2.40.0.jar;C:\Users\Админ\.m2\repository\xalan\xalan\2.7.2\xalan-2.7.2.jar;C:\Users\Админ\.m2\repository\xalan\serializer\2.7.2\serializer-2.7.2.jar;C:\Users\Админ\.m2\repository\org\apache\commons\commons-lang3\3.10\commons-lang3-3.10.jar;C:\Users\Админ\.m2\repository\org\apache\commons\commons-text\1.8\commons-text-1.8.jar;C:\Users\Админ\.m2\repository\org\apache\httpcomponents\httpmime\4.5.12\httpmime-4.5.12.jar;C:\Users\Админ\.m2\repository\net\sourceforge\htmlunit\htmlunit-core-js\2.40.0\htmlunit-core-js-2.40.0.jar;C:\Users\Админ\.m2\repository\net\sourceforge\htmlunit\neko-htmlunit\2.40.0\neko-htmlunit-2.40.0.jar;C:\Users\Админ\.m2\repository\xerces\xercesImpl\2.12.0\xercesImpl-2.12.0.jar;C:\Users\Админ\.m2\repository\xml-apis\xml-apis\1.4.01\xml-apis-1.4.01.jar;C:\Users\Админ\.m2\repository\net\sourceforge\htmlunit\htmlunit-cssparser\1.5.0\htmlunit-cssparser-1.5.0.jar;C:\Users\Админ\.m2\repository\commons-io\commons-io\2.6\commons-io-2.6.jar;C:\Users\Админ\.m2\repository\commons-net\commons-net\3.6\commons-net-3.6.jar;C:\Users\Админ\.m2\repository\org\brotli\dec\0.1.2\dec-0.1.2.jar;C:\Users\Админ\.m2\repository\com\shapesecurity\salvation\2.7.1\salvation-2.7.1.jar;C:\Users\Админ\.m2\repository\org\eclipse\jetty\websocket\websocket-client\9.4.30.v20200611\websocket-client-9.4.30.v20200611.jar;C:\Users\Админ\.m2\repository\org\eclipse\jetty\jetty-client\9.4.30.v20200611\jetty-client-9.4.30.v20200611.jar;C:\Users\Админ\.m2\repository\org\eclipse\jetty\jetty-http\9.4.30.v20200611\jetty-http-9.4.30.v20200611.jar;C:\Users\Админ\.m2\repository\org\eclipse\jetty\jetty-xml\9.4.30.v20200611\jetty-xml-9.4.30.v20200611.jar;C:\Users\Админ\.m2\repository\org\eclipse\jetty\jetty-util\9.4.30.v20200611\jetty-util-9.4.30.v20200611.jar;C:\Users\Админ\.m2\repository\org\eclipse\jetty\jetty-io\9.4.30.v20200611\jetty-io-9.4.30.v20200611.jar;C:\Users\Админ\.m2\repository\org\eclipse\jetty\websocket\websocket-common\9.4.30.v20200611\websocket-common-9.4.30.v20200611.jar;C:\Users\Админ\.m2\repository\org\eclipse\jetty\websocket\websocket-api\9.4.30.v20200611\websocket-api-9.4.30.v20200611.jar;C:\Users\Админ\.m2\repository\org\apache\httpcomponents\httpclient\4.5.12\httpclient-4.5.12.jar;C:\Users\Админ\.m2\repository\org\apache\httpcomponents\httpcore\4.4.13\httpcore-4.4.13.jar;C:\Users\Админ\.m2\repository\org\seleniumhq\selenium\selenium-firefox-driver\3.141.59\selenium-firefox-driver-3.141.59.jar;C:\Users\Админ\.m2\repository\org\seleniumhq\selenium\selenium-ie-driver\3.141.59\selenium-ie-driver-3.141.59.jar;C:\Users\Админ\.m2\repository\org\seleniumhq\selenium\selenium-safari-driver\3.141.59\selenium-safari-driver-3.141.59.jar;C:\Users\Админ\.m2\repository\org\seleniumhq\selenium\selenium-support\3.141.59\selenium-support-3.141.59.jar;C:\Users\Админ\.m2\repository\org\webbitserver\webbit\0.4.14\webbit-0.4.14.jar;C:\Users\Админ\.m2\repository\io\netty\netty\3.5.2.Final\netty-3.5.2.Final.jar;C:\Users\Админ\.m2\repository\com\opera\operadriver\1.5\operadriver-1.5.jar;C:\Users\Админ\.m2\repository\com\opera\operalaunchers\1.1\operalaunchers-1.1.jar;C:\Users\Админ\.m2\repository\com\google\protobuf\protobuf-java\2.4.1\protobuf-java-2.4.1.jar;C:\Users\Админ\.m2\repository\com\google\guava\guava\14.0\guava-14.0.jar;C:\Users\Админ\.m2\repository\commons-jxpath\commons-jxpath\1.3\commons-jxpath-1.3.jar;C:\Users\Админ\.m2\repository\org\apache\commons\commons-exec\1.1\commons-exec-1.1.jar;C:\Users\Админ\.m2\repository\org\ini4j\ini4j\0.5.2\ini4j-0.5.2.jar;C:\Users\Админ\.m2\repository\junit\junit\4.12\junit-4.12.jar;C:\Users\Админ\.m2\repository\org\hamcrest\hamcrest-core\1.3\hamcrest-core-1.3.jar;"/>
    <property name="sun.cpu.endian" value="little"/>
    <property name="user.home" value="C:\Users\Админ"/>
    <property name="user.language" value="ru"/>
    <property name="java.specification.vendor" value="Oracle Corporation"/>
    <property name="java.version.date" value="2018-09-25"/>
    <property name="java.home" value="C:\Program Files\jdk-11"/>
    <property name="file.separator" value="\"/>
    <property name="basedir" value="C:\Users\Админ\Documents\NetBeansProjects\WikSim1-server"/>
    <property name="java.vm.compressedOopsMode" value="32-bit"/>
    <property name="line.separator" value="&#10;"/>
    <property name="java.specification.name" value="Java Platform API Specification"/>
    <property name="java.vm.specification.vendor" value="Oracle Corporation"/>
    <property name="java.awt.graphicsenv" value="sun.awt.Win32GraphicsEnvironment"/>
    <property name="surefire.real.class.path" value="C:\Users\7272~1\AppData\Local\Temp\surefire8557304725429281134\surefirebooter5562726870487469965.jar"/>
    <property name="user.script" value=""/>
    <property name="sun.management.compiler" value="HotSpot 64-Bit Tiered Compilers"/>
    <property name="java.runtime.version" value="11+28"/>
    <property name="user.name" value="Админ"/>
    <property name="java.net.preferIPv4Stack" value="true"/>
    <property name="path.separator" value=";"/>
    <property name="os.version" value="6.1"/>
    <property name="java.runtime.name" value="OpenJDK Runtime Environment"/>
    <property name="file.encoding" value="UTF-8"/>
    <property name="java.vm.name" value="OpenJDK 64-Bit Server VM"/>
    <property name="java.vendor.version" value="18.9"/>
    <property name="maven.ext.class.path" value="C:\Program Files\NetBeans-11.1\netbeans\java\maven-nblib\netbeans-eventspy.jar"/>
    <property name="localRepository" value="C:\Users\Админ\.m2\repository"/>
    <property name="java.vendor.url.bug" value="http://bugreport.java.com/bugreport/"/>
    <property name="java.io.tmpdir" value="C:\Users\7272~1\AppData\Local\Temp\"/>
    <property name="java.version" value="11"/>
    <property name="user.dir" value="C:\Users\Админ\Documents\NetBeansProjects\WikSim1-server"/>
    <property name="os.arch" value="amd64"/>
    <property name="java.vm.specification.name" value="Java Virtual Machine Specification"/>
    <property name="java.awt.printerjob" value="sun.awt.windows.WPrinterJob"/>
    <property name="sun.os.patch.level" value="Service Pack 1"/>
    <property name="java.library.path" value="C:\Program Files\jdk-11\bin;C:\Windows\Sun\Java\bin;C:\Windows\system32;C:\Windows;C:\Windows\system32;C:\Windows;C:\Windows\System32\Wbem;C:\Windows\System32\WindowsPowerShell\v1.0\;C:\Program Files (x86)\AMD\ATI.ACE\Core-Static;C:\Program Files\jdk-11\bin;C:\apache-maven-3.6.3\bin;C:\Program Files\PostgreSQL\10\bin;C:\Program Files\Git\cmd;C:\Program Files\nodejs\;C:\Users\Админ\AppData\Roaming\npm;."/>
    <property name="java.vendor" value="Oracle Corporation"/>
    <property name="java.vm.info" value="mixed mode"/>
    <property name="java.vm.version" value="11+28"/>
    <property name="sun.io.unicode.encoding" value="UnicodeLittle"/>
    <property name="java.class.version" value="55.0"/>
  </properties>
  <testcase name="testInsertToBd" classname="com.example.BasicApplicationTests" time="1.467"/>
</testsuite>